  main.cpp
C:\Users\Matteo\OneDrive\Desktop\Matteo\GreenLight_RedLight_Definitive\GreenLight_RedLight\Base OpenGL 3.3 Camera\shader_s.h(56,35): warning C4101: 'e': unreferenced local variable
C:\Users\Matteo\OneDrive\Desktop\Matteo\GreenLight_RedLight_Definitive\GreenLight_RedLight\Base OpenGL 3.3 Camera\mesh.h(84,1): warning C4267: 'argument': conversion from 'size_t' to 'GLsizei', possible loss of data
C:\Users\Matteo\OneDrive\Desktop\Matteo\GreenLight_RedLight_Definitive\GreenLight_RedLight\Base OpenGL 3.3 Camera\player.h(78,20): warning C4305: 'initializing': truncation from 'double' to 'float'
C:\Users\Matteo\OneDrive\Desktop\Matteo\GreenLight_RedLight_Definitive\GreenLight_RedLight\Base OpenGL 3.3 Camera\player.h(234,45): warning C4244: '+=': conversion from 'double' to 'float', possible loss of data
C:\Users\Matteo\OneDrive\Desktop\Matteo\GreenLight_RedLight_Definitive\GreenLight_RedLight\Base OpenGL 3.3 Camera\player.h(237,24): warning C4244: '=': conversion from 'double' to 'float', possible loss of data
C:\Users\Matteo\OneDrive\Desktop\Matteo\GreenLight_RedLight_Definitive\GreenLight_RedLight\Base OpenGL 3.3 Camera\player.h(242,46): warning C4244: '-=': conversion from 'double' to 'float', possible loss of data
C:\Users\Matteo\OneDrive\Desktop\Matteo\GreenLight_RedLight_Definitive\GreenLight_RedLight\Base OpenGL 3.3 Camera\player.h(294,16): warning C4244: 'initializing': conversion from 'double' to 'float', possible loss of data
C:\Users\Matteo\OneDrive\Desktop\Matteo\GreenLight_RedLight_Definitive\GreenLight_RedLight\Base OpenGL 3.3 Camera\player.h(296,89): warning C4244: '+=': conversion from 'double' to 'float', possible loss of data
C:\Users\Matteo\OneDrive\Desktop\Matteo\GreenLight_RedLight_Definitive\GreenLight_RedLight\Base OpenGL 3.3 Camera\player.h(299,16): warning C4244: 'initializing': conversion from 'double' to 'float', possible loss of data
C:\Users\Matteo\OneDrive\Desktop\Matteo\GreenLight_RedLight_Definitive\GreenLight_RedLight\Base OpenGL 3.3 Camera\player.h(301,90): warning C4244: '+=': conversion from 'double' to 'float', possible loss of data
C:\Users\Matteo\OneDrive\Desktop\Matteo\GreenLight_RedLight_Definitive\GreenLight_RedLight\Base OpenGL 3.3 Camera\player.h(304,90): warning C4244: '-=': conversion from 'double' to 'float', possible loss of data
C:\Users\Matteo\OneDrive\Desktop\Matteo\GreenLight_RedLight_Definitive\GreenLight_RedLight\Base OpenGL 3.3 Camera\player.h(308,89): warning C4244: '-=': conversion from 'double' to 'float', possible loss of data
C:\Users\Matteo\OneDrive\Desktop\Matteo\GreenLight_RedLight_Definitive\GreenLight_RedLight\Base OpenGL 3.3 Camera\player.h(378,29): warning C4267: '=': conversion from 'size_t' to 'int', possible loss of data
C:\Users\Matteo\OneDrive\Desktop\Matteo\GreenLight_RedLight_Definitive\GreenLight_RedLight\Base OpenGL 3.3 Camera\player.h(425,34): warning C4305: 'argument': truncation from 'double' to 'irrklang::ik_f32'
C:\Users\Matteo\OneDrive\Desktop\Matteo\GreenLight_RedLight_Definitive\GreenLight_RedLight\Base OpenGL 3.3 Camera\player.h(521,39): warning C4267: 'argument': conversion from 'size_t' to 'GLsizei', possible loss of data
C:\Users\Matteo\OneDrive\Desktop\Matteo\GreenLight_RedLight_Definitive\GreenLight_RedLight\Base OpenGL 3.3 Camera\player.h(531,39): warning C4267: 'argument': conversion from 'size_t' to 'GLsizei', possible loss of data
C:\Users\Matteo\OneDrive\Desktop\Matteo\GreenLight_RedLight_Definitive\GreenLight_RedLight\Base OpenGL 3.3 Camera\player.h(541,40): warning C4267: 'argument': conversion from 'size_t' to 'GLsizei', possible loss of data
C:\Users\Matteo\OneDrive\Desktop\Matteo\GreenLight_RedLight_Definitive\GreenLight_RedLight\Base OpenGL 3.3 Camera\player.h(551,42): warning C4267: 'argument': conversion from 'size_t' to 'GLsizei', possible loss of data
C:\Users\Matteo\OneDrive\Desktop\Matteo\GreenLight_RedLight_Definitive\GreenLight_RedLight\Base OpenGL 3.3 Camera\player.h(561,45): warning C4267: 'argument': conversion from 'size_t' to 'GLsizei', possible loss of data
C:\Users\Matteo\OneDrive\Desktop\Matteo\GreenLight_RedLight_Definitive\GreenLight_RedLight\Base OpenGL 3.3 Camera\player.h(571,40): warning C4267: 'argument': conversion from 'size_t' to 'GLsizei', possible loss of data
C:\Users\Matteo\OneDrive\Desktop\Matteo\GreenLight_RedLight_Definitive\GreenLight_RedLight\Base OpenGL 3.3 Camera\game.h(124,47): warning C4244: '+=': conversion from 'double' to 'float', possible loss of data
C:\Users\Matteo\OneDrive\Desktop\Matteo\GreenLight_RedLight_Definitive\GreenLight_RedLight\Base OpenGL 3.3 Camera\game.h(127,29): warning C4244: '=': conversion from 'double' to 'float', possible loss of data
C:\Users\Matteo\OneDrive\Desktop\Matteo\GreenLight_RedLight_Definitive\GreenLight_RedLight\Base OpenGL 3.3 Camera\game.h(132,48): warning C4244: '-=': conversion from 'double' to 'float', possible loss of data
C:\Users\Matteo\OneDrive\Desktop\Matteo\GreenLight_RedLight_Definitive\GreenLight_RedLight\Base OpenGL 3.3 Camera\mainMenu.h(60,18): warning C4244: '=': conversion from 'double' to 'float', possible loss of data
C:\Users\Matteo\OneDrive\Desktop\Matteo\GreenLight_RedLight_Definitive\GreenLight_RedLight\Base OpenGL 3.3 Camera\mainMenu.h(86,15): warning C4305: '=': truncation from 'double' to 'float'
C:\Users\Matteo\OneDrive\Desktop\Matteo\GreenLight_RedLight_Definitive\GreenLight_RedLight\Base OpenGL 3.3 Camera\mainMenu.h(89,16): warning C4244: '=': conversion from 'double' to 'float', possible loss of data
C:\Users\Matteo\OneDrive\Desktop\Matteo\GreenLight_RedLight_Definitive\GreenLight_RedLight\Base OpenGL 3.3 Camera\pauseMenu.h(61,84): warning C4305: 'argument': truncation from 'double' to 'float'
C:\Users\Matteo\OneDrive\Desktop\Matteo\GreenLight_RedLight_Definitive\GreenLight_RedLight\Base OpenGL 3.3 Camera\update.h(169,16): warning C4305: '=': truncation from 'double' to 'float'
C:\Users\Matteo\OneDrive\Desktop\Matteo\GreenLight_RedLight_Definitive\GreenLight_RedLight\Base OpenGL 3.3 Camera\update.h(170,16): warning C4305: '=': truncation from 'double' to 'float'
C:\Users\Matteo\OneDrive\Desktop\Matteo\GreenLight_RedLight_Definitive\GreenLight_RedLight\Base OpenGL 3.3 Camera\update.h(172,32): warning C4244: '=': conversion from 'double' to 'float', possible loss of data
C:\Users\Matteo\OneDrive\Desktop\Matteo\GreenLight_RedLight_Definitive\GreenLight_RedLight\Base OpenGL 3.3 Camera\update.h(173,31): warning C4244: '=': conversion from 'double' to 'float', possible loss of data
C:\Users\Matteo\OneDrive\Desktop\Matteo\GreenLight_RedLight_Definitive\GreenLight_RedLight\Base OpenGL 3.3 Camera\update.h(176,16): warning C4305: '=': truncation from 'double' to 'float'
C:\Users\Matteo\OneDrive\Desktop\Matteo\GreenLight_RedLight_Definitive\GreenLight_RedLight\Base OpenGL 3.3 Camera\update.h(177,14): warning C4305: '=': truncation from 'double' to 'float'
C:\Users\Matteo\OneDrive\Desktop\Matteo\GreenLight_RedLight_Definitive\GreenLight_RedLight\Base OpenGL 3.3 Camera\update.h(179,69): warning C4244: '=': conversion from 'double' to 'float', possible loss of data
C:\Users\Matteo\OneDrive\Desktop\Matteo\GreenLight_RedLight_Definitive\GreenLight_RedLight\Base OpenGL 3.3 Camera\update.h(180,69): warning C4244: '=': conversion from 'double' to 'float', possible loss of data
C:\Users\Matteo\OneDrive\Desktop\Matteo\GreenLight_RedLight_Definitive\GreenLight_RedLight\Base OpenGL 3.3 Camera\main.cpp(66,16): warning C4305: '+=': truncation from 'double' to 'float'
C:\Users\Matteo\OneDrive\Desktop\Matteo\GreenLight_RedLight_Definitive\GreenLight_RedLight\Base OpenGL 3.3 Camera\main.cpp(71,16): warning C4305: '-=': truncation from 'double' to 'float'
C:\Users\Matteo\OneDrive\Desktop\Matteo\GreenLight_RedLight_Definitive\GreenLight_RedLight\Base OpenGL 3.3 Camera\main.cpp(76,16): warning C4305: '+=': truncation from 'double' to 'float'
C:\Users\Matteo\OneDrive\Desktop\Matteo\GreenLight_RedLight_Definitive\GreenLight_RedLight\Base OpenGL 3.3 Camera\main.cpp(81,16): warning C4305: '-=': truncation from 'double' to 'float'
C:\Users\Matteo\OneDrive\Desktop\Matteo\GreenLight_RedLight_Definitive\GreenLight_RedLight\Base OpenGL 3.3 Camera\main.cpp(86,16): warning C4305: '+=': truncation from 'double' to 'float'
C:\Users\Matteo\OneDrive\Desktop\Matteo\GreenLight_RedLight_Definitive\GreenLight_RedLight\Base OpenGL 3.3 Camera\main.cpp(91,16): warning C4305: '-=': truncation from 'double' to 'float'
C:\Users\Matteo\OneDrive\Desktop\Matteo\GreenLight_RedLight_Definitive\GreenLight_RedLight\Base OpenGL 3.3 Camera\main.cpp(109,23): warning C4244: '=': conversion from 'double' to 'float', possible loss of data
C:\Users\Matteo\OneDrive\Desktop\Matteo\GreenLight_RedLight_Definitive\GreenLight_RedLight\Base OpenGL 3.3 Camera\main.cpp(110,23): warning C4244: '=': conversion from 'double' to 'float', possible loss of data
C:\Users\Matteo\OneDrive\Desktop\Matteo\GreenLight_RedLight_Definitive\GreenLight_RedLight\Base OpenGL 3.3 Camera\main.cpp(112,24): warning C4244: '=': conversion from 'double' to 'float', possible loss of data
C:\Users\Matteo\OneDrive\Desktop\Matteo\GreenLight_RedLight_Definitive\GreenLight_RedLight\Base OpenGL 3.3 Camera\main.cpp(113,24): warning C4244: '=': conversion from 'double' to 'float', possible loss of data
C:\Users\Matteo\OneDrive\Desktop\Matteo\GreenLight_RedLight_Definitive\GreenLight_RedLight\Base OpenGL 3.3 Camera\main.cpp(252,20): warning C4244: '=': conversion from 'double' to 'float', possible loss of data
C:\Users\Matteo\OneDrive\Desktop\Matteo\GreenLight_RedLight_Definitive\GreenLight_RedLight\Base OpenGL 3.3 Camera\main.cpp(253,20): warning C4244: '=': conversion from 'double' to 'float', possible loss of data
C:\Users\Matteo\OneDrive\Desktop\Matteo\GreenLight_RedLight_Definitive\GreenLight_RedLight\Base OpenGL 3.3 Camera\main.cpp(255,21): warning C4244: '=': conversion from 'double' to 'float', possible loss of data
C:\Users\Matteo\OneDrive\Desktop\Matteo\GreenLight_RedLight_Definitive\GreenLight_RedLight\Base OpenGL 3.3 Camera\main.cpp(256,21): warning C4244: '=': conversion from 'double' to 'float', possible loss of data
C:\Users\Matteo\OneDrive\Desktop\Matteo\GreenLight_RedLight_Definitive\GreenLight_RedLight\Base OpenGL 3.3 Camera\main.cpp(317,38): warning C4244: 'argument': conversion from 'double' to 'float', possible loss of data
C:\Users\Matteo\OneDrive\Desktop\Matteo\GreenLight_RedLight_Definitive\GreenLight_RedLight\Base OpenGL 3.3 Camera\main.cpp(318,35): warning C4244: 'argument': conversion from 'double' to 'float', possible loss of data
C:\Users\Matteo\OneDrive\Desktop\Matteo\GreenLight_RedLight_Definitive\GreenLight_RedLight\Base OpenGL 3.3 Camera\main.cpp(397,10): warning C4244: 'argument': conversion from 'double' to 'unsigned int', possible loss of data
C:\Users\Matteo\OneDrive\Desktop\Matteo\GreenLight_RedLight_Definitive\GreenLight_RedLight\Base OpenGL 3.3 Camera\main.cpp(409,45): warning C4244: 'argument': conversion from 'double' to 'float', possible loss of data
C:\Users\Matteo\OneDrive\Desktop\Matteo\GreenLight_RedLight_Definitive\GreenLight_RedLight\Base OpenGL 3.3 Camera\main.cpp(666,36): warning C4244: '=': conversion from 'double' to 'float', possible loss of data
  LINK : /LTCG specified but no code generation required; remove /LTCG from the link command line to improve linker performance
  Base OpenGL 3.3 Camera.vcxproj -> C:\Users\Matteo\OneDrive\Desktop\Matteo\GreenLight_RedLight_Definitive\GreenLight_RedLight\x64\Release\GreenLightRedLight.exe
